<?xml version="1.0" encoding="UTF-8"?>
<testng-results skipped="0" failed="0" ignored="0" total="1" passed="1">
  <reporter-output>
  </reporter-output>
  <suite name="Default suite" duration-ms="63" started-at="2017-12-18T12:35:36Z" finished-at="2017-12-18T12:35:36Z">
    <groups>
    </groups>
    <test name="Default test" duration-ms="63" started-at="2017-12-18T12:35:36Z" finished-at="2017-12-18T12:35:36Z">
      <class name="com.steerlean.fizzbuzz.rule.TestRuleFactory">
        <test-method status="PASS" signature="testcreateSumOfDigitsDivisibility()[pri:0, instance:com.steerlean.fizzbuzz.rule.TestRuleFactory@100fc185]" name="testcreateSumOfDigitsDivisibility" duration-ms="15" started-at="2017-12-18T18:05:36Z" finished-at="2017-12-18T18:05:36Z">
          <reporter-output>
          </reporter-output>
        </test-method> <!-- testcreateSumOfDigitsDivisibility -->
      </class> <!-- com.steerlean.fizzbuzz.rule.TestRuleFactory -->
    </test> <!-- Default test -->
  </suite> <!-- Default suite -->
</testng-results>
